2022-02-22 14:39:30,551 [INFO] Activator:178 - 


2022-02-22 14:39:30,883 [INFO] Activator:179 - !SESSION log4j initialized
2022-02-22 14:41:19,244 [INFO] RetryExec:97 - I/O exception (org.apache.http.NoHttpResponseException) caught when processing request to {s}->https://download.eclipse.org:443: The target server failed to respond
2022-02-22 14:41:19,259 [INFO] RetryExec:113 - Retrying request to {s}->https://download.eclipse.org:443
2022-02-22 14:41:20,148 [INFO] RetryExec:97 - I/O exception (org.apache.http.NoHttpResponseException) caught when processing request to {s}->https://archive.eclipse.org:443: The target server failed to respond
2022-02-22 14:41:20,150 [INFO] RetryExec:113 - Retrying request to {s}->https://archive.eclipse.org:443
2022-02-22 14:41:21,170 [INFO] RetryExec:97 - I/O exception (org.apache.http.NoHttpResponseException) caught when processing request to {s}->https://download.eclipse.org:443: The target server failed to respond
2022-02-22 14:41:21,171 [INFO] RetryExec:113 - Retrying request to {s}->https://download.eclipse.org:443
2022-02-22 14:56:00,560 [INFO] ApplicationProperties:181 - Using Application install path: E:\STM32CubeIDE_1.4.0\STM32CubeIDE\plugins\com.st.stm32cube.common.mx_6.0.0.202007160824
2022-02-22 14:56:00,621 [INFO] DbMcusXml:70 - Set database path to: E:\STM32CubeIDE_1.4.0\STM32CubeIDE\plugins\com.st.stm32cube.common.mx_6.0.0.202007160824\\db\/mcu/
2022-02-22 14:56:00,631 [INFO] DbBoardsPdsc:56 - Set plugin database path to: E:\STM32CubeIDE_1.4.0\STM32CubeIDE\plugins\com.st.stm32cube.common.mx_6.0.0.202007160824\\db\/plugins/boardmanager/
2022-02-22 14:56:00,632 [INFO] DbMcus:258 - Set plugin images path to: E:\STM32CubeIDE_1.4.0\STM32CubeIDE\plugins\com.st.stm32cube.common.mx_6.0.0.202007160824\\db\/plugins/mcufinder/images/
2022-02-22 14:56:00,633 [INFO] DbBoards:264 - Set plugin images path to: E:\STM32CubeIDE_1.4.0\STM32CubeIDE\plugins\com.st.stm32cube.common.mx_6.0.0.202007160824\\db\/plugins/mcufinder/images/
2022-02-22 14:56:00,641 [INFO] DbExamples:326 - Set plugin images path to: E:\STM32CubeIDE_1.4.0\STM32CubeIDE\plugins\com.st.stm32cube.common.mx_6.0.0.202007160824\\db\/plugins/mcufinder/images/
2022-02-22 14:56:00,886 [INFO] DbMcusDocs:112 - Set database path to: C:\Users\reham\.stmcufinder\plugins\mcufinder//mcu/
2022-02-22 14:56:00,908 [INFO] DbMcusJson:63 - Set database path to: C:\Users\reham\.stmcufinder\plugins\mcufinder//mcu/
2022-02-22 14:56:00,918 [INFO] DbBoardsDocs:112 - Set database path to: C:\Users\reham\.stmcufinder\plugins\mcufinder//mcu/
2022-02-22 14:56:00,930 [INFO] DbBoardsJson:56 - Set database path to: C:\Users\reham\.stmcufinder\plugins\mcufinder//mcu/
2022-02-22 14:56:01,082 [INFO] CrossReferenceDbSqlite:196 - Set database path to: C:\Users\reham\.stmcufinder\plugins\mcufinder//mcu/cs/
2022-02-22 14:56:01,111 [INFO] DbExamplesSqlite:800 - Set database path to: C:\Users\reham\.stmcufinder\plugins\mcufinder//mcu/
2022-02-22 14:56:01,667 [INFO] RulesReader:52 - Compatibility file has been processed (209 Rules)
2022-02-22 14:56:02,270 [INFO] MicroXplorer:564 - Detected Java Version = 1.8.0_252
2022-02-22 14:56:02,270 [INFO] DbMcusXml:70 - Set database path to: E:\STM32CubeIDE_1.4.0\STM32CubeIDE\plugins\com.st.stm32cube.common.mx_6.0.0.202007160824\\db\/mcu/
2022-02-22 14:56:02,271 [INFO] DbBoardsPdsc:56 - Set plugin database path to: E:\STM32CubeIDE_1.4.0\STM32CubeIDE\plugins\com.st.stm32cube.common.mx_6.0.0.202007160824\\db\/plugins/boardmanager/
2022-02-22 14:56:02,274 [INFO] DbMcus:258 - Set plugin images path to: E:\STM32CubeIDE_1.4.0\STM32CubeIDE\plugins\com.st.stm32cube.common.mx_6.0.0.202007160824\\db\/plugins/mcufinder/images/
2022-02-22 14:56:02,276 [INFO] DbBoards:264 - Set plugin images path to: E:\STM32CubeIDE_1.4.0\STM32CubeIDE\plugins\com.st.stm32cube.common.mx_6.0.0.202007160824\\db\/plugins/mcufinder/images/
2022-02-22 14:56:02,277 [INFO] DbExamples:326 - Set plugin images path to: E:\STM32CubeIDE_1.4.0\STM32CubeIDE\plugins\com.st.stm32cube.common.mx_6.0.0.202007160824\\db\/plugins/mcufinder/images/
2022-02-22 14:56:02,278 [WARN] DbFile:36 - Overriding database path with different value: C:\Users\reham\.stmcufinder\plugins\mcufinder/ => C:\Users\reham\.stmcufinder\plugins\mcufinder
2022-02-22 14:56:02,278 [INFO] DbMcusDocs:112 - Set database path to: C:\Users\reham\.stmcufinder\plugins\mcufinder//mcu/
2022-02-22 14:56:02,279 [WARN] DbFile:36 - Overriding database path with different value: C:\Users\reham\.stmcufinder\plugins\mcufinder/ => C:\Users\reham\.stmcufinder\plugins\mcufinder
2022-02-22 14:56:02,280 [INFO] DbMcusJson:63 - Set database path to: C:\Users\reham\.stmcufinder\plugins\mcufinder//mcu/
2022-02-22 14:56:02,280 [WARN] DbFile:36 - Overriding database path with different value: C:\Users\reham\.stmcufinder\plugins\mcufinder/ => C:\Users\reham\.stmcufinder\plugins\mcufinder
2022-02-22 14:56:02,280 [INFO] DbBoardsDocs:112 - Set database path to: C:\Users\reham\.stmcufinder\plugins\mcufinder//mcu/
2022-02-22 14:56:02,281 [WARN] DbFile:36 - Overriding database path with different value: C:\Users\reham\.stmcufinder\plugins\mcufinder/ => C:\Users\reham\.stmcufinder\plugins\mcufinder
2022-02-22 14:56:02,282 [INFO] DbBoardsJson:56 - Set database path to: C:\Users\reham\.stmcufinder\plugins\mcufinder//mcu/
2022-02-22 14:56:02,282 [WARN] DbFile:36 - Overriding database path with different value: C:\Users\reham\.stmcufinder\plugins\mcufinder/ => C:\Users\reham\.stmcufinder\plugins\mcufinder
2022-02-22 14:56:02,283 [WARN] DbFile:36 - Overriding database path with different value: C:\Users\reham\.stmcufinder\plugins\mcufinder/ => C:\Users\reham\.stmcufinder\plugins\mcufinder
2022-02-22 14:56:02,284 [INFO] CrossReferenceDbSqlite:196 - Set database path to: C:\Users\reham\.stmcufinder\plugins\mcufinder//mcu/cs/
2022-02-22 14:56:02,285 [WARN] DbFile:36 - Overriding database path with different value: C:\Users\reham\.stmcufinder\plugins\mcufinder/ => C:\Users\reham\.stmcufinder\plugins\mcufinder
2022-02-22 14:56:02,285 [INFO] DbExamplesSqlite:800 - Set database path to: C:\Users\reham\.stmcufinder\plugins\mcufinder//mcu/
2022-02-22 14:56:02,677 [INFO] MainPanel:189 - HeapMemory: 411041792
2022-02-22 14:56:03,002 [INFO] DbMcusXml:70 - Set database path to: E:\STM32CubeIDE_1.4.0\STM32CubeIDE\plugins\com.st.stm32cube.common.mx_6.0.0.202007160824\\db\/mcu/
2022-02-22 14:56:03,002 [INFO] DbBoardsPdsc:56 - Set plugin database path to: E:\STM32CubeIDE_1.4.0\STM32CubeIDE\plugins\com.st.stm32cube.common.mx_6.0.0.202007160824\\db\/plugins/boardmanager/
2022-02-22 14:56:03,003 [INFO] DbMcus:258 - Set plugin images path to: E:\STM32CubeIDE_1.4.0\STM32CubeIDE\plugins\com.st.stm32cube.common.mx_6.0.0.202007160824\\db\/plugins/mcufinder/images/
2022-02-22 14:56:03,004 [INFO] DbBoards:264 - Set plugin images path to: E:\STM32CubeIDE_1.4.0\STM32CubeIDE\plugins\com.st.stm32cube.common.mx_6.0.0.202007160824\\db\/plugins/mcufinder/images/
2022-02-22 14:56:03,005 [INFO] DbExamples:326 - Set plugin images path to: E:\STM32CubeIDE_1.4.0\STM32CubeIDE\plugins\com.st.stm32cube.common.mx_6.0.0.202007160824\\db\/plugins/mcufinder/images/
2022-02-22 14:56:03,017 [WARN] DbFile:36 - Overriding database path with different value: C:\Users\reham\.stmcufinder\plugins\mcufinder/ => C:\Users\reham\.stmcufinder\plugins\mcufinder
2022-02-22 14:56:03,018 [INFO] DbMcusDocs:112 - Set database path to: C:\Users\reham\.stmcufinder\plugins\mcufinder//mcu/
2022-02-22 14:56:03,019 [WARN] DbFile:36 - Overriding database path with different value: C:\Users\reham\.stmcufinder\plugins\mcufinder/ => C:\Users\reham\.stmcufinder\plugins\mcufinder
2022-02-22 14:56:03,019 [INFO] DbMcusJson:63 - Set database path to: C:\Users\reham\.stmcufinder\plugins\mcufinder//mcu/
2022-02-22 14:56:03,020 [WARN] DbFile:36 - Overriding database path with different value: C:\Users\reham\.stmcufinder\plugins\mcufinder/ => C:\Users\reham\.stmcufinder\plugins\mcufinder
2022-02-22 14:56:03,020 [INFO] DbBoardsDocs:112 - Set database path to: C:\Users\reham\.stmcufinder\plugins\mcufinder//mcu/
2022-02-22 14:56:03,021 [WARN] DbFile:36 - Overriding database path with different value: C:\Users\reham\.stmcufinder\plugins\mcufinder/ => C:\Users\reham\.stmcufinder\plugins\mcufinder
2022-02-22 14:56:03,022 [INFO] DbBoardsJson:56 - Set database path to: C:\Users\reham\.stmcufinder\plugins\mcufinder//mcu/
2022-02-22 14:56:03,022 [WARN] DbFile:36 - Overriding database path with different value: C:\Users\reham\.stmcufinder\plugins\mcufinder/ => C:\Users\reham\.stmcufinder\plugins\mcufinder
2022-02-22 14:56:03,023 [WARN] DbFile:36 - Overriding database path with different value: C:\Users\reham\.stmcufinder\plugins\mcufinder/ => C:\Users\reham\.stmcufinder\plugins\mcufinder
2022-02-22 14:56:03,023 [INFO] CrossReferenceDbSqlite:196 - Set database path to: C:\Users\reham\.stmcufinder\plugins\mcufinder//mcu/cs/
2022-02-22 14:56:03,024 [WARN] DbFile:36 - Overriding database path with different value: C:\Users\reham\.stmcufinder\plugins\mcufinder/ => C:\Users\reham\.stmcufinder\plugins\mcufinder
2022-02-22 14:56:03,024 [INFO] DbExamplesSqlite:800 - Set database path to: C:\Users\reham\.stmcufinder\plugins\mcufinder//mcu/
2022-02-22 14:56:03,131 [INFO] ApplicationProperties:181 - Using Application install path: E:\STM32CubeIDE_1.4.0\STM32CubeIDE\plugins\com.st.stm32cube.common.mx_6.0.0.202007160824
2022-02-22 14:56:03,136 [INFO] PluginManage:178 - Search for loadable plugins [exclusion list=, ]
2022-02-22 14:56:03,216 [INFO] PluginManage:292 - Check plugin analytics
2022-02-22 14:56:08,571 [INFO] AnalyticsPlugin:203 - Accepted Software Licenses: 
2022-02-22 14:56:08,572 [INFO] AnalyticsPlugin:205 - Accepted CMSIS Pack Licenses: 
2022-02-22 14:56:08,573 [INFO] AnalyticsPlugin:207 - Accepted Firmware Licenses: 
2022-02-22 14:56:08,580 [INFO] PluginManage:342 - Loaded plugin analytics (category:tool,tabindex:-1)
2022-02-22 14:56:08,581 [INFO] PluginManage:292 - Check plugin clock
2022-02-22 14:56:08,651 [INFO] PluginManage:342 - Loaded plugin clock (category:base,tabindex:2)
2022-02-22 14:56:08,651 [INFO] PluginManage:292 - Check plugin ddr
2022-02-22 14:56:08,665 [INFO] PluginManage:342 - Loaded plugin ddr (category:tool,tabindex:6)
2022-02-22 14:56:08,666 [INFO] PluginManage:292 - Check plugin filemanager
2022-02-22 14:56:09,365 [INFO] PluginManage:342 - Loaded plugin filemanager (category:base,tabindex:10)
2022-02-22 14:56:09,366 [INFO] PluginManage:292 - Check plugin ipmanager
2022-02-22 14:56:09,453 [INFO] PluginManage:342 - Loaded plugin ipmanager (category:base,tabindex:5)
2022-02-22 14:56:09,454 [INFO] PluginManage:292 - Check plugin pinoutandconfiguration
2022-02-22 14:56:09,508 [INFO] PluginManage:342 - Loaded plugin pinoutandconfiguration (category:base,tabindex:1)
2022-02-22 14:56:09,509 [INFO] PluginManage:292 - Check plugin pinoutconfig
2022-02-22 14:56:09,669 [INFO] PluginManage:342 - Loaded plugin pinoutconfig (category:base,tabindex:0)
2022-02-22 14:56:09,670 [INFO] PluginManage:292 - Check plugin power
2022-02-22 14:56:09,764 [INFO] PluginManage:342 - Loaded plugin power (category:power,tabindex:4)
2022-02-22 14:56:09,766 [INFO] PluginManage:292 - Check plugin projectmanager
2022-02-22 14:56:09,880 [INFO] PluginManage:342 - Loaded plugin projectmanager (category:projectmanager,tabindex:3)
2022-02-22 14:56:09,881 [INFO] PluginManage:292 - Check plugin thirdparty
2022-02-22 14:56:10,801 [INFO] ThirdPartyDb:333 - Open Third Party DataBase File (C:/Users/reham/.stm32cubemx/plugins/thirdparty/db/thirdparties_db.xml) : 265 ms. number of Sw pack : 42
2022-02-22 14:56:10,813 [INFO] PluginManage:342 - Loaded plugin thirdparty (category:base,tabindex:-1)
2022-02-22 14:56:10,814 [INFO] PluginManage:292 - Check plugin tools
2022-02-22 14:56:10,821 [INFO] PluginManage:342 - Loaded plugin tools (category:base,tabindex:7)
2022-02-22 14:56:10,821 [INFO] PluginManage:292 - Check plugin tutovideos
2022-02-22 14:56:11,975 [INFO] PluginManage:342 - Loaded plugin tutovideos (category:base,tabindex:-1)
2022-02-22 14:56:11,976 [INFO] PluginManage:292 - Check plugin updater
2022-02-22 14:56:12,094 [INFO] PluginManage:342 - Loaded plugin updater (category:base,tabindex:12)
2022-02-22 14:56:12,095 [INFO] PluginManage:265 - PluginManage : Loaded plugins [13]
2022-02-22 14:56:13,378 [INFO] PinOutPanel:1418 - setPackage(No Configuration,No Configuration)
2022-02-22 14:56:13,963 [INFO] IPUIPlugin:64 - create IPUIPlugin
2022-02-22 14:56:13,965 [INFO] PluginManager:200 - loadIPPluginJar : add adc
2022-02-22 14:56:13,996 [INFO] IPUIPlugin:64 - create IPUIPlugin
2022-02-22 14:56:13,998 [INFO] PluginManager:200 - loadIPPluginJar : add aes
2022-02-22 14:56:14,026 [INFO] IPUIPlugin:64 - create IPUIPlugin
2022-02-22 14:56:14,030 [INFO] PluginManager:200 - loadIPPluginJar : add can
2022-02-22 14:56:14,055 [INFO] IPUIPlugin:64 - create IPUIPlugin
2022-02-22 14:56:14,057 [INFO] PluginManager:200 - loadIPPluginJar : add comp
2022-02-22 14:56:14,079 [INFO] IPUIPlugin:64 - create IPUIPlugin
2022-02-22 14:56:14,080 [INFO] PluginManager:200 - loadIPPluginJar : add cryp
2022-02-22 14:56:14,105 [INFO] IPUIPlugin:64 - create IPUIPlugin
2022-02-22 14:56:14,106 [INFO] PluginManager:200 - loadIPPluginJar : add dfsdm
2022-02-22 14:56:14,138 [INFO] IPUIPlugin:64 - create IPUIPlugin
2022-02-22 14:56:14,142 [INFO] PluginManager:200 - loadIPPluginJar : add dma
2022-02-22 14:56:14,160 [INFO] IPUIPlugin:64 - create IPUIPlugin
2022-02-22 14:56:14,161 [INFO] PluginManager:200 - loadIPPluginJar : add fatfs
2022-02-22 14:56:14,181 [INFO] IPUIPlugin:64 - create IPUIPlugin
2022-02-22 14:56:14,182 [INFO] PluginManager:200 - loadIPPluginJar : add fmc
2022-02-22 14:56:14,199 [INFO] IPUIPlugin:64 - create IPUIPlugin
2022-02-22 14:56:14,200 [INFO] PluginManager:200 - loadIPPluginJar : add freertos
2022-02-22 14:56:14,273 [INFO] IPUIPlugin:64 - create IPUIPlugin
2022-02-22 14:56:14,275 [INFO] PluginManager:200 - loadIPPluginJar : add genericplugin
2022-02-22 14:56:14,296 [INFO] IPUIPlugin:64 - create IPUIPlugin
2022-02-22 14:56:14,297 [INFO] PluginManager:200 - loadIPPluginJar : add gfxmmu
2022-02-22 14:56:14,327 [INFO] IPUIPlugin:64 - create IPUIPlugin
2022-02-22 14:56:14,328 [INFO] PluginManager:200 - loadIPPluginJar : add gic
2022-02-22 14:56:14,346 [INFO] IPUIPlugin:64 - create IPUIPlugin
2022-02-22 14:56:14,347 [INFO] PluginManager:200 - loadIPPluginJar : add gpio
2022-02-22 14:56:14,358 [INFO] IPUIPlugin:64 - create IPUIPlugin
2022-02-22 14:56:14,359 [INFO] PluginManager:200 - loadIPPluginJar : add gtzc
2022-02-22 14:56:14,372 [INFO] IPUIPlugin:64 - create IPUIPlugin
2022-02-22 14:56:14,373 [INFO] PluginManager:200 - loadIPPluginJar : add hash
2022-02-22 14:56:14,386 [INFO] IPUIPlugin:64 - create IPUIPlugin
2022-02-22 14:56:14,387 [INFO] PluginManager:200 - loadIPPluginJar : add i2c
2022-02-22 14:56:14,395 [INFO] IPUIPlugin:64 - create IPUIPlugin
2022-02-22 14:56:14,396 [INFO] PluginManager:200 - loadIPPluginJar : add i2s
2022-02-22 14:56:14,404 [INFO] IPUIPlugin:64 - create IPUIPlugin
2022-02-22 14:56:14,405 [INFO] PluginManager:200 - loadIPPluginJar : add ipddr
2022-02-22 14:56:14,422 [INFO] IPUIPlugin:64 - create IPUIPlugin
2022-02-22 14:56:14,423 [INFO] PluginManager:200 - loadIPPluginJar : add ltdc
2022-02-22 14:56:14,436 [INFO] IPUIPlugin:64 - create IPUIPlugin
2022-02-22 14:56:14,437 [INFO] PluginManager:200 - loadIPPluginJar : add mdma
2022-02-22 14:56:14,468 [INFO] IPUIPlugin:64 - create IPUIPlugin
2022-02-22 14:56:14,479 [INFO] PluginManager:200 - loadIPPluginJar : add nvic
2022-02-22 14:56:14,502 [INFO] IPUIPlugin:64 - create IPUIPlugin
2022-02-22 14:56:14,502 [INFO] PluginManager:200 - loadIPPluginJar : add opamp
2022-02-22 14:56:14,511 [INFO] IPUIPlugin:64 - create IPUIPlugin
2022-02-22 14:56:14,513 [INFO] PluginManager:200 - loadIPPluginJar : add openamp
2022-02-22 14:56:14,527 [INFO] IPUIPlugin:64 - create IPUIPlugin
2022-02-22 14:56:14,529 [INFO] PluginManager:200 - loadIPPluginJar : add pdm2pcm
2022-02-22 14:56:14,547 [INFO] IPUIPlugin:64 - create IPUIPlugin
2022-02-22 14:56:14,557 [INFO] PluginManager:200 - loadIPPluginJar : add plateformsettings
2022-02-22 14:56:14,597 [INFO] IPUIPlugin:64 - create IPUIPlugin
2022-02-22 14:56:14,605 [INFO] PluginManager:200 - loadIPPluginJar : add quadspi
2022-02-22 14:56:14,635 [INFO] IPUIPlugin:64 - create IPUIPlugin
2022-02-22 14:56:14,636 [INFO] PluginManager:200 - loadIPPluginJar : add resmgrutility
2022-02-22 14:56:14,678 [INFO] IPUIPlugin:64 - create IPUIPlugin
2022-02-22 14:56:14,678 [INFO] PluginManager:200 - loadIPPluginJar : add sai
2022-02-22 14:56:14,719 [INFO] IPUIPlugin:64 - create IPUIPlugin
2022-02-22 14:56:14,720 [INFO] PluginManager:200 - loadIPPluginJar : add spi
2022-02-22 14:56:14,743 [INFO] IPUIPlugin:64 - create IPUIPlugin
2022-02-22 14:56:14,744 [INFO] PluginManager:200 - loadIPPluginJar : add stm32_wpan
2022-02-22 14:56:14,751 [INFO] IPUIPlugin:64 - create IPUIPlugin
2022-02-22 14:56:14,751 [INFO] PluginManager:200 - loadIPPluginJar : add tim
2022-02-22 14:56:14,776 [INFO] IPUIPlugin:64 - create IPUIPlugin
2022-02-22 14:56:14,777 [INFO] PluginManager:200 - loadIPPluginJar : add touchsensing
2022-02-22 14:56:14,800 [INFO] IPUIPlugin:64 - create IPUIPlugin
2022-02-22 14:56:14,801 [INFO] PluginManager:200 - loadIPPluginJar : add tracer_emb
2022-02-22 14:56:14,821 [INFO] IPUIPlugin:64 - create IPUIPlugin
2022-02-22 14:56:14,822 [INFO] PluginManager:200 - loadIPPluginJar : add ts
2022-02-22 14:56:14,840 [INFO] IPUIPlugin:64 - create IPUIPlugin
2022-02-22 14:56:14,841 [INFO] PluginManager:200 - loadIPPluginJar : add tsc
2022-02-22 14:56:14,856 [INFO] IPUIPlugin:64 - create IPUIPlugin
2022-02-22 14:56:14,856 [INFO] PluginManager:200 - loadIPPluginJar : add ucpd
2022-02-22 14:56:14,871 [INFO] IPUIPlugin:64 - create IPUIPlugin
2022-02-22 14:56:14,872 [INFO] PluginManager:200 - loadIPPluginJar : add usart
2022-02-22 14:56:20,084 [INFO] CubeProgrammer:457 - [DDR PANEL] - PathOfProgrammer: null
2022-02-22 14:56:23,242 [FATAL] Updater:282 - Updater called before beeing initialized
2022-02-22 14:56:24,354 [FATAL] Updater:282 - Updater called before beeing initialized
2022-02-22 14:56:24,355 [WARN] ThirdParty:775 - waiting for thirdparty lock release [close project]
2022-02-22 14:56:24,356 [INFO] ThirdParty:777 - entering critical section [close project]
2022-02-22 14:56:24,360 [INFO] ThirdParty:790 - exiting critical section [close project]
2022-02-22 14:56:24,373 [INFO] PinOutPanel:1418 - setPackage(No Configuration,No Configuration)
2022-02-22 14:56:24,376 [FATAL] Updater:282 - Updater called before beeing initialized
2022-02-22 14:56:24,435 [ERROR] Updater:967 - MainUpdater not yet initialized. External WinMGr cannot be set.
2022-02-22 14:56:24,441 [INFO] CubeProgrammer:457 - [DDR PANEL] - PathOfProgrammer: E:\STM32CubeIDE_1.4.0\STM32CubeIDE\plugins\com.st.stm32cube.ide.mcu.externaltools.cubeprogrammer.win32_1.4.0.202007081208\tools\bin
2022-02-22 14:56:24,466 [INFO] ProgrammerExecThread:148 - [ProgrammerAPI] CubeProgrammer command construction: E:\STM32CubeIDE_1.4.0\STM32CubeIDE\plugins\com.st.stm32cube.ide.mcu.externaltools.cubeprogrammer.win32_1.4.0.202007081208\tools\bin\STM32_Programmer_CLI.exe -l
2022-02-22 14:56:28,143 [INFO] MainDdrPanel:49 - [DDR PANEL] SETTER - Set cubeProgrammerPath to: E:\STM32CubeIDE_1.4.0\STM32CubeIDE\plugins\com.st.stm32cube.ide.mcu.externaltools.cubeprogrammer.win32_1.4.0.202007081208\tools\bin
2022-02-22 14:56:30,378 [INFO] Updater:904 - Updater Version found : 6.0.0
2022-02-22 14:56:30,720 [INFO] ApplicationProperties:181 - Using Application install path: E:\STM32CubeIDE_1.4.0\STM32CubeIDE\plugins\com.st.stm32cube.common.mx_6.0.0.202007160824
2022-02-22 14:56:32,550 [INFO] MainUpdater:2268 - connection check result : 10
2022-02-22 14:56:32,551 [INFO] MainUpdater:2935 - Updater definition file requires update
2022-02-22 14:56:32,554 [INFO] MainUpdater:239 - Updater Check For Update Now.
2022-02-22 14:56:32,554 [INFO] MicroXplorer:414 - Change Database Version : DB.6.0.0
2022-02-22 14:56:32,726 [INFO] ServerAccessManage:348 - Download File updaters.zip
2022-02-22 14:56:34,838 [WARN] IntegrityCheckThread:61 - waiting for thirdparty lock release [integrity check]
2022-02-22 14:56:34,839 [INFO] IntegrityCheckThread:63 - entering critical section [integrity check]
2022-02-22 14:56:34,843 [WARN] MainUpdater:1087 - Updater busy. Cannot search thirdparties
2022-02-22 14:56:35,858 [INFO] FileExtend:225 - Unzip File : updaters.zip
2022-02-22 14:56:35,859 [INFO] FileExtend:240 - Standard Zip Deflate
2022-02-22 14:56:37,844 [WARN] MainUpdater:1087 - Updater busy. Cannot search thirdparties
2022-02-22 14:56:39,021 [INFO] ServerAccessManage:348 - Download File PacksControlFlags.xml
2022-02-22 14:56:39,275 [INFO] ServerAccessManage:348 - Download File cubemx.pidx
2022-02-22 14:56:40,900 [WARN] MainUpdater:1087 - Updater busy. Cannot search thirdparties
2022-02-22 14:56:43,928 [WARN] MainUpdater:1087 - Updater busy. Cannot search thirdparties
2022-02-22 14:56:44,166 [INFO] MainUpdater:2268 - connection check result : 10
2022-02-22 14:56:44,438 [INFO] ServerAccessManage:348 - Download File STMicroelectronics.X-CUBE-AZRTOS-WL.pdsc
2022-02-22 14:56:45,720 [INFO] CheckServerUpdateThread:102 - End of CheckServer Thread
2022-02-22 14:56:46,419 [INFO] ServerAccessManage:348 - Download File mcusDocs.json._tmp_
2022-02-22 14:56:46,675 [INFO] ThirdPartyDb:299 - Save Third Party DataBase File (C:/Users/reham/.stm32cubemx/plugins/thirdparty/db/thirdparties_db.xml) [forced]
2022-02-22 14:56:46,960 [WARN] MainUpdater:1087 - Updater busy. Cannot search thirdparties
2022-02-22 14:56:47,019 [INFO] PopulateThirdPartyThread:50 - Ending populate Thread
2022-02-22 14:56:47,020 [INFO] ThirdPartyDb:299 - Save Third Party DataBase File (C:/Users/reham/.stm32cubemx/plugins/thirdparty/db/thirdparties_db.xml) [forced]
2022-02-22 14:56:47,038 [INFO] LoadUrlFilesThread:135 - End of LoadUrlFiles Thread
2022-02-22 14:56:47,262 [INFO] Engine:289 - softwarePackList size : 43
2022-02-22 14:56:47,317 [INFO] Engine:301 - compute dependency for SwPack X-CUBE-AI have been done, and update is requested
2022-02-22 14:56:47,409 [INFO] Engine:301 - compute dependency for SwPack X-CUBE-ALS have been done, and update is requested
2022-02-22 14:56:47,464 [INFO] Engine:301 - compute dependency for SwPack X-CUBE-BLE1 have been done, and update is requested
2022-02-22 14:56:47,514 [INFO] Engine:301 - compute dependency for SwPack X-CUBE-BLE2 have been done, and update is requested
2022-02-22 14:56:47,583 [INFO] Engine:301 - compute dependency for SwPack X-CUBE-DISPLAY have been done, and update is requested
2022-02-22 14:56:47,733 [INFO] Engine:301 - compute dependency for SwPack X-CUBE-EEPRMA1 have been done, and update is requested
2022-02-22 14:56:47,804 [INFO] Engine:301 - compute dependency for SwPack X-CUBE-GNSS1 have been done, and update is requested
2022-02-22 14:56:48,349 [INFO] ServerAccessManage:348 - Download File mcusFeaturesAndDescription.json._tmp_
2022-02-22 14:56:49,961 [WARN] MainUpdater:1087 - Updater busy. Cannot search thirdparties
2022-02-22 14:56:50,573 [INFO] Engine:301 - compute dependency for SwPack X-CUBE-MEMS1 have been done, and update is requested
2022-02-22 14:56:50,706 [INFO] Engine:301 - compute dependency for SwPack X-CUBE-NFC4 have been done, and update is requested
2022-02-22 14:56:50,802 [INFO] Engine:301 - compute dependency for SwPack X-CUBE-SFXS2LP1 have been done, and update is requested
2022-02-22 14:56:50,879 [INFO] Engine:301 - compute dependency for SwPack X-CUBE-SUBG2 have been done, and update is requested
2022-02-22 14:56:50,951 [INFO] Engine:301 - compute dependency for SwPack X-CUBE-TOF1 have been done, and update is requested
2022-02-22 14:56:50,982 [INFO] Engine:305 - compute dependency for SwPack X-CUBE-TOUCHGFX have been done, no update is requested
2022-02-22 14:56:50,992 [INFO] Engine:301 - compute dependency for SwPack X-CUBE-ALGOBUILD have been done, and update is requested
2022-02-22 14:56:51,119 [INFO] Engine:301 - compute dependency for SwPack X-CUBE-AZRTOS-H7 have been done, and update is requested
2022-02-22 14:56:51,175 [INFO] Engine:301 - compute dependency for SwPack X-CUBE-AZRTOS-F4 have been done, and update is requested
2022-02-22 14:56:51,276 [INFO] Engine:301 - compute dependency for SwPack X-CUBE-AZRTOS-F7 have been done, and update is requested
2022-02-22 14:56:51,328 [INFO] Engine:301 - compute dependency for SwPack X-CUBE-AZRTOS-L4 have been done, and update is requested
2022-02-22 14:56:51,383 [ERROR] DependencyParser:1297 - StateRcvOpen_Cte Bad Token : )
2022-02-22 14:56:51,384 [ERROR] DependencyParser:1297 - StateRcvOpen_Cte Bad Token : )
2022-02-22 14:56:51,385 [ERROR] DependencyParser:1297 - StateRcvOpen_Cte Bad Token : )
2022-02-22 14:56:51,385 [ERROR] DependencyParser:1297 - StateRcvOpen_Cte Bad Token : )
2022-02-22 14:56:51,386 [ERROR] DependencyParser:1297 - StateRcvOpen_Cte Bad Token : )
2022-02-22 14:56:51,387 [ERROR] DependencyParser:1297 - StateRcvOpen_Cte Bad Token : )
2022-02-22 14:56:51,388 [ERROR] DependencyParser:1297 - StateRcvOpen_Cte Bad Token : )
2022-02-22 14:56:51,389 [ERROR] DependencyParser:1297 - StateRcvOpen_Cte Bad Token : )
2022-02-22 14:56:51,389 [ERROR] DependencyParser:1297 - StateRcvOpen_Cte Bad Token : )
2022-02-22 14:56:51,389 [ERROR] DependencyParser:1297 - StateRcvOpen_Cte Bad Token : )
2022-02-22 14:56:51,389 [ERROR] DependencyParser:1297 - StateRcvOpen_Cte Bad Token : )
2022-02-22 14:56:51,390 [ERROR] DependencyParser:1297 - StateRcvOpen_Cte Bad Token : )
2022-02-22 14:56:51,390 [ERROR] DependencyParser:1297 - StateRcvOpen_Cte Bad Token : )
2022-02-22 14:56:51,390 [ERROR] DependencyParser:1297 - StateRcvOpen_Cte Bad Token : )
2022-02-22 14:56:51,390 [ERROR] DependencyParser:1297 - StateRcvOpen_Cte Bad Token : )
2022-02-22 14:56:51,391 [ERROR] DependencyParser:1297 - StateRcvOpen_Cte Bad Token : )
2022-02-22 14:56:51,392 [ERROR] DependencyParser:1297 - StateRcvOpen_Cte Bad Token : )
2022-02-22 14:56:51,392 [ERROR] DependencyParser:1297 - StateRcvOpen_Cte Bad Token : )
2022-02-22 14:56:51,392 [ERROR] DependencyParser:1297 - StateRcvOpen_Cte Bad Token : )
2022-02-22 14:56:51,393 [ERROR] DependencyParser:1297 - StateRcvOpen_Cte Bad Token : )
2022-02-22 14:56:51,393 [ERROR] DependencyParser:1297 - StateRcvOpen_Cte Bad Token : )
2022-02-22 14:56:51,393 [ERROR] DependencyParser:1297 - StateRcvOpen_Cte Bad Token : )
2022-02-22 14:56:51,395 [ERROR] DependencyParser:1297 - StateRcvOpen_Cte Bad Token : )
2022-02-22 14:56:51,395 [ERROR] DependencyParser:1297 - StateRcvOpen_Cte Bad Token : )
2022-02-22 14:56:51,397 [ERROR] DependencyParser:1297 - StateRcvOpen_Cte Bad Token : )
2022-02-22 14:56:51,399 [ERROR] DependencyParser:1297 - StateRcvOpen_Cte Bad Token : )
2022-02-22 14:56:51,399 [ERROR] DependencyParser:1297 - StateRcvOpen_Cte Bad Token : )
2022-02-22 14:56:51,401 [ERROR] DependencyParser:1297 - StateRcvOpen_Cte Bad Token : )
2022-02-22 14:56:51,401 [ERROR] DependencyParser:1297 - StateRcvOpen_Cte Bad Token : )
2022-02-22 14:56:51,402 [ERROR] DependencyParser:1297 - StateRcvOpen_Cte Bad Token : )
2022-02-22 14:56:51,402 [ERROR] DependencyParser:1297 - StateRcvOpen_Cte Bad Token : )
2022-02-22 14:56:51,404 [ERROR] DependencyParser:1297 - StateRcvOpen_Cte Bad Token : )
2022-02-22 14:56:51,404 [ERROR] DependencyParser:1297 - StateRcvOpen_Cte Bad Token : )
2022-02-22 14:56:51,404 [ERROR] DependencyParser:1297 - StateRcvOpen_Cte Bad Token : )
2022-02-22 14:56:51,405 [ERROR] DependencyParser:1297 - StateRcvOpen_Cte Bad Token : )
2022-02-22 14:56:51,406 [ERROR] DependencyParser:1297 - StateRcvOpen_Cte Bad Token : )
2022-02-22 14:56:51,418 [ERROR] DependencyParser:1297 - StateRcvOpen_Cte Bad Token : )
2022-02-22 14:56:51,419 [ERROR] DependencyParser:1297 - StateRcvOpen_Cte Bad Token : )
2022-02-22 14:56:51,420 [ERROR] DependencyParser:1297 - StateRcvOpen_Cte Bad Token : )
2022-02-22 14:56:51,420 [ERROR] DependencyParser:1297 - StateRcvOpen_Cte Bad Token : )
2022-02-22 14:56:51,420 [ERROR] DependencyParser:1297 - StateRcvOpen_Cte Bad Token : )
2022-02-22 14:56:51,421 [ERROR] DependencyParser:1297 - StateRcvOpen_Cte Bad Token : )
2022-02-22 14:56:51,421 [ERROR] DependencyParser:1297 - StateRcvOpen_Cte Bad Token : )
2022-02-22 14:56:51,421 [ERROR] DependencyParser:1297 - StateRcvOpen_Cte Bad Token : )
2022-02-22 14:56:51,422 [ERROR] DependencyParser:1297 - StateRcvOpen_Cte Bad Token : )
2022-02-22 14:56:51,422 [ERROR] DependencyParser:1297 - StateRcvOpen_Cte Bad Token : )
2022-02-22 14:56:51,422 [INFO] Engine:305 - compute dependency for SwPack X-CUBE-AZRTOS-L5 have been done, no update is requested
2022-02-22 14:56:51,434 [INFO] Engine:301 - compute dependency for SwPack X-CUBE-AZRTOS-G4 have been done, and update is requested
2022-02-22 14:56:51,460 [INFO] Engine:301 - compute dependency for SwPack I-CUBE-wolfSSL have been done, and update is requested
2022-02-22 14:56:51,551 [INFO] Engine:305 - compute dependency for SwPack I-CUBE-UNISONRTOS have been done, no update is requested
2022-02-22 14:56:52,035 [INFO] Engine:301 - compute dependency for SwPack I-CUBE-embOS have been done, and update is requested
2022-02-22 14:56:52,068 [INFO] Engine:305 - compute dependency for SwPack FreeRTOS have been done, no update is requested
2022-02-22 14:56:52,073 [INFO] Engine:305 - compute dependency for SwPack lwIP have been done, no update is requested
2022-02-22 14:56:52,074 [INFO] Engine:305 - compute dependency for SwPack lwIP have been done, no update is requested
2022-02-22 14:56:52,074 [INFO] Engine:305 - compute dependency for SwPack MBEDTLS have been done, no update is requested
2022-02-22 14:56:52,074 [INFO] Engine:305 - compute dependency for SwPack MBEDTLS have been done, no update is requested
2022-02-22 14:56:52,075 [INFO] Engine:305 - compute dependency for SwPack PDM2PCM have been done, no update is requested
2022-02-22 14:56:52,075 [INFO] Engine:305 - compute dependency for SwPack PDM2PCM have been done, no update is requested
2022-02-22 14:56:52,075 [INFO] Engine:305 - compute dependency for SwPack PDM2PCM have been done, no update is requested
2022-02-22 14:56:52,081 [INFO] Engine:305 - compute dependency for SwPack USB_DEVICE have been done, no update is requested
2022-02-22 14:56:52,081 [INFO] Engine:305 - compute dependency for SwPack USB_DEVICE have been done, no update is requested
2022-02-22 14:56:52,082 [INFO] Engine:305 - compute dependency for SwPack USB_DEVICE have been done, no update is requested
2022-02-22 14:56:52,087 [INFO] Engine:305 - compute dependency for SwPack USB_HOST have been done, no update is requested
2022-02-22 14:56:52,087 [INFO] Engine:305 - compute dependency for SwPack USB_HOST have been done, no update is requested
2022-02-22 14:56:52,092 [INFO] Engine:301 - compute dependency for SwPack X-CUBE-AI have been done, and update is requested
2022-02-22 14:56:52,171 [INFO] Engine:301 - compute dependency for SwPack X-CUBE-DISPLAY have been done, and update is requested
2022-02-22 14:56:52,205 [INFO] Engine:301 - compute dependency for SwPack X-CUBE-ALGOBUILD have been done, and update is requested
2022-02-22 14:56:52,248 [INFO] Engine:301 - compute dependency for SwPack X-CUBE-AZRTOS-G0 have been done, and update is requested
2022-02-22 14:56:52,328 [INFO] Engine:301 - compute dependency for SwPack X-CUBE-TOF1 have been done, and update is requested
2022-02-22 14:56:52,372 [INFO] Engine:301 - compute dependency for SwPack X-CUBE-EEPRMA1 have been done, and update is requested
2022-02-22 14:56:52,436 [INFO] Engine:301 - compute dependency for SwPack X-CUBE-AZRTOS-WL have been done, and update is requested
2022-02-22 14:56:52,462 [INFO] ThirdPartyDb:299 - Save Third Party DataBase File (C:/Users/reham/.stm32cubemx/plugins/thirdparty/db/thirdparties_db.xml) [forced]
2022-02-22 14:56:52,571 [INFO] LoadServerUpdatesThread:309 - End of LoadServerUpdate Thread
2022-02-22 14:56:52,962 [WARN] MainUpdater:1087 - Updater busy. Cannot search thirdparties
2022-02-22 14:56:54,067 [INFO] LoadUrlFilesThread:135 - End of LoadUrlFiles Thread
2022-02-22 14:56:54,351 [INFO] ServerAccessManage:348 - Download File boardsDocs.json._tmp_
2022-02-22 14:56:54,394 [INFO] LoadUrlFilesThread:135 - End of LoadUrlFiles Thread
2022-02-22 14:56:54,677 [INFO] ServerAccessManage:348 - Download File boards.json._tmp_
2022-02-22 14:56:55,102 [INFO] LoadUrlFilesThread:135 - End of LoadUrlFiles Thread
2022-02-22 14:56:55,667 [INFO] ServerAccessManage:348 - Download File cube-finder-db.zip
2022-02-22 14:56:55,962 [WARN] MainUpdater:1087 - Updater busy. Cannot search thirdparties
2022-02-22 14:56:58,963 [WARN] MainUpdater:1087 - Updater busy. Cannot search thirdparties
2022-02-22 14:57:01,964 [WARN] MainUpdater:1087 - Updater busy. Cannot search thirdparties
2022-02-22 14:57:04,964 [WARN] MainUpdater:1087 - Updater busy. Cannot search thirdparties
2022-02-22 14:57:07,964 [WARN] MainUpdater:1087 - Updater busy. Cannot search thirdparties
2022-02-22 14:57:10,964 [WARN] MainUpdater:1087 - Updater busy. Cannot search thirdparties
2022-02-22 14:57:13,965 [WARN] MainUpdater:1087 - Updater busy. Cannot search thirdparties
2022-02-22 14:57:16,966 [WARN] MainUpdater:1087 - Updater busy. Cannot search thirdparties
2022-02-22 14:57:19,967 [ERROR] IntegrityCheckThread:67 - Unexpected exception IntegrityCheckThread Thread:
2022-02-22 14:57:19,967 [ERROR] IntegrityCheckThread:70 - java.lang.Exception: Updater error
	at com.st.microxplorer.plugins.thirdparty.engine.IntegrityCheckThread.getUpdaterThirdPartyList(IntegrityCheckThread.java:296)
	at com.st.microxplorer.plugins.thirdparty.engine.IntegrityCheckThread.runProcess(IntegrityCheckThread.java:84)
	at com.st.microxplorer.plugins.thirdparty.engine.IntegrityCheckThread.run(IntegrityCheckThread.java:65)

2022-02-22 14:57:19,968 [INFO] ThirdPartyDb:299 - Save Third Party DataBase File (C:/Users/reham/.stm32cubemx/plugins/thirdparty/db/thirdparties_db.xml) [forced]
2022-02-22 14:57:20,250 [INFO] IntegrityCheckThread:76 - exiting critical section [integrity check]
2022-02-22 14:57:20,427 [INFO] IntegrityCheckThread:79 - End integrity checks thread
2022-02-22 14:57:26,746 [INFO] FileExtend:225 - Unzip File : cube-finder-db.zip
2022-02-22 14:57:26,752 [INFO] FileExtend:240 - Standard Zip Deflate
2022-02-22 14:57:34,226 [INFO] LoadUrlFilesThread:135 - End of LoadUrlFiles Thread
2022-02-22 14:57:35,268 [INFO] ServerAccessManage:348 - Download File crdb.zip
2022-02-22 14:57:36,068 [INFO] FileExtend:225 - Unzip File : crdb.zip
2022-02-22 14:57:36,075 [INFO] FileExtend:240 - Standard Zip Deflate
2022-02-22 14:57:36,149 [INFO] LoadUrlFilesThread:135 - End of LoadUrlFiles Thread
2022-02-22 14:57:36,840 [INFO] ServerAccessManage:348 - Download File tutoVideoDB.zip
2022-02-22 14:57:37,231 [INFO] FileExtend:225 - Unzip File : tutoVideoDB.zip
2022-02-22 14:57:37,240 [INFO] FileExtend:240 - Standard Zip Deflate
2022-02-22 14:57:37,258 [INFO] LoadUrlFilesThread:135 - End of LoadUrlFiles Thread
2022-02-22 14:57:37,455 [INFO] DbMcusDocs:145 - JSON generation date=Tue Nov 16 18:17:54 EET 2021 (1637079474)
2022-02-22 14:57:37,456 [INFO] DbMcusXml:100 - Load MCU database from E:\STM32CubeIDE_1.4.0\STM32CubeIDE\plugins\com.st.stm32cube.common.mx_6.0.0.202007160824\\db\/mcu/families.xml
2022-02-22 14:57:45,071 [INFO] DbMcusJson:92 - JSON generation date=Tue Nov 16 18:17:54 EET 2021 (1637079474)
2022-02-22 14:57:55,963 [INFO] DbMcus:175 - Found 1761 MCUs (1722 are supported by CubeMX, 1911 are visible in CubeMX)
2022-02-22 14:57:56,038 [INFO] ApiDb:201 - Load user favorites file C:\Users\reham/.stm32cubemx/favorites.mcus.txt: 0 item(s)
2022-02-22 14:57:56,039 [INFO] ApiDb:205 - User favorites MCUs=[]
2022-02-22 14:57:56,039 [INFO] DbMcus:187 - Set 0 / 0 favorites MCUs
2022-02-22 14:57:57,526 [INFO] DbMcusDocs:81 - Found 682 MCUs documents
2022-02-22 14:57:57,531 [INFO] ApiDb:226 - Save user favorites file C:\Users\reham/.stm32cubemx/favorites.mcus.txt: 0 item(s)
2022-02-22 14:57:57,532 [INFO] ApiDb:230 - User favorites MCUs=[]
2022-02-22 14:57:57,533 [INFO] DbMcusXml:100 - Load MCU database from E:\STM32CubeIDE_1.4.0\STM32CubeIDE\plugins\com.st.stm32cube.common.mx_6.0.0.202007160824\\db\/mcu/families.xml
2022-02-22 14:58:03,570 [INFO] DbMcusJson:92 - JSON generation date=Tue Nov 16 18:17:54 EET 2021 (1637079474)
2022-02-22 14:58:07,157 [INFO] DbMcus:175 - Found 1761 MCUs (1722 are supported by CubeMX, 1911 are visible in CubeMX)
2022-02-22 14:58:07,158 [INFO] ApiDb:201 - Load user favorites file C:\Users\reham/.stm32cubemx/favorites.mcus.txt: 0 item(s)
2022-02-22 14:58:07,159 [INFO] ApiDb:205 - User favorites MCUs=[]
2022-02-22 14:58:07,159 [INFO] DbMcus:187 - Set 0 / 0 favorites MCUs
2022-02-22 14:58:07,237 [INFO] DbBoardsDocs:145 - JSON generation date=Tue Nov 16 18:17:54 EET 2021 (1637079474)
2022-02-22 14:58:07,332 [INFO] DbBoardsPdsc:94 - Found 23 items
2022-02-22 14:58:07,336 [INFO] DbBoardsPdsc:94 - Found 9 items
2022-02-22 14:58:07,414 [INFO] DbBoardsPdsc:94 - Found 29 items
2022-02-22 14:58:07,429 [INFO] DbBoardsPdsc:94 - Found 1 items
2022-02-22 14:58:07,518 [INFO] DbBoardsPdsc:94 - Found 44 items
2022-02-22 14:58:07,578 [INFO] DbBoardsPdsc:94 - Found 40 items
2022-02-22 14:58:07,585 [INFO] DbBoardsPdsc:94 - Found 2 items
2022-02-22 14:58:07,594 [INFO] DbBoardsPdsc:94 - Found 4 items
2022-02-22 14:58:07,640 [WARN] DbBoardsPdsc:258 - Board STM32H7B3I-DK: unknown feature type=Audio, name=, username=Audio stereo codec with Headphone Amp (CS42L51-CNZ), n=1
2022-02-22 14:58:07,641 [WARN] DbBoardsPdsc:258 - Board STM32H735G-DK: unknown feature type=Audio, name=, username=Audio stereo codec with Headphone Amp (WM8994ECS/R), n=1
2022-02-22 14:58:07,650 [WARN] DbBoardsPdsc:258 - Board STM32H7B3I-EVAL: unknown feature type=Audio, name=, username=Multi-Channel Audio Codec (CS42L51-CNZ), n=1
2022-02-22 14:58:07,651 [WARN] DbBoardsPdsc:258 - Board STM32H7B3I-EVAL: unknown feature type=Meter, name=, username=Power-metering and Temperature-monitoring with sigma-delta modulators, n=1
2022-02-22 14:58:07,652 [WARN] DbBoardsPdsc:258 - Board STM32H7B3I-EVAL: unknown feature type=Motor, name=, username=Motor Control, n=1
2022-02-22 14:58:07,785 [INFO] DbBoardsJson:85 - JSON generation date=Tue Nov 16 18:17:54 EET 2021 (1637079474)
2022-02-22 14:58:07,826 [INFO] DbBoards:117 - Found 166 boards (149 are supported by CubeMX)
2022-02-22 14:58:07,831 [INFO] DbBoardsDocs:145 - JSON generation date=Tue Nov 16 18:17:54 EET 2021 (1637079474)
2022-02-22 14:58:07,844 [INFO] DbBoardsDocs:81 - Found 209 boards documents
2022-02-22 14:58:07,848 [WARN] DbBoards:127 - board B-L475E-IOT01A2 has no document id list !
2022-02-22 14:58:07,851 [WARN] DbBoards:127 - board NUCLEO-H743ZI has no document id list !
2022-02-22 14:58:07,854 [WARN] DbBoards:127 - board P-NUCLEO-WB55-Nucleo has no document id list !
2022-02-22 14:58:07,854 [WARN] DbBoards:127 - board P-NUCLEO-WB55-USBDongle has no document id list !
2022-02-22 14:58:07,854 [WARN] DbBoards:127 - board STEVAL-BFA001V1B has no document id list !
2022-02-22 14:58:07,855 [WARN] DbBoards:127 - board STEVAL-BFA001V2B has no document id list !
2022-02-22 14:58:07,855 [WARN] DbBoards:127 - board STEVAL-IDP005V1 has no document id list !
2022-02-22 14:58:07,855 [WARN] DbBoards:127 - board STEVAL-IDP005V2 has no document id list !
2022-02-22 14:58:07,855 [WARN] DbBoards:127 - board STEVAL-MKSBOX1V1 has no document id list !
2022-02-22 14:58:07,856 [WARN] DbBoards:127 - board STEVAL-STWINKT1 has no document id list !
2022-02-22 14:58:07,856 [WARN] DbBoards:127 - board STEVAL-STWINKT1B has no document id list !
2022-02-22 14:58:07,857 [WARN] DbBoards:127 - board STM32439I-EVAL2 has no document id list !
2022-02-22 14:58:07,858 [WARN] DbBoards:127 - board STM32F401C-DISCO has no document id list !
2022-02-22 14:58:07,859 [WARN] DbBoards:127 - board STM32F769I-DISC1 has no document id list !
2022-02-22 14:58:07,860 [WARN] DbBoards:127 - board STM32G474E-EVAL1 has no document id list !
2022-02-22 14:58:07,861 [WARN] DbBoards:127 - board STM32H743I-EVAL2 has no document id list !
2022-02-22 14:58:07,862 [WARN] DbBoards:127 - board STM32H747I-DISC1 has no document id list !
2022-02-22 14:58:07,862 [WARN] DbBoards:127 - board STM32H753I-EVAL2 has no document id list !
2022-02-22 14:58:07,863 [WARN] DbBoards:127 - board STM32L-DISCOVERY has no document id list !
2022-02-22 14:58:08,348 [ERROR] DbBoards:189 - Image file not found for board B-L462E-CELL1: E:\STM32CubeIDE_1.4.0\STM32CubeIDE\plugins\com.st.stm32cube.common.mx_6.0.0.202007160824\\db\/plugins/mcufinder/images/boards/B-L462E-CELL1_small.jpg
2022-02-22 14:58:08,639 [ERROR] DbBoards:189 - Image file not found for board B-U585I-IOT02A: E:\STM32CubeIDE_1.4.0\STM32CubeIDE\plugins\com.st.stm32cube.common.mx_6.0.0.202007160824\\db\/plugins/mcufinder/images/boards/B-U585I-IOT02A_small.jpg
2022-02-22 14:58:09,246 [ERROR] DbBoards:189 - Image file not found for board NUCLEO-F413ZH: E:\STM32CubeIDE_1.4.0\STM32CubeIDE\plugins\com.st.stm32cube.common.mx_6.0.0.202007160824\\db\/plugins/mcufinder/images/boards/nucleo-f413zh_small.jpg
2022-02-22 14:58:09,978 [ERROR] DbBoards:189 - Image file not found for board NUCLEO-L552ZE-Q: E:\STM32CubeIDE_1.4.0\STM32CubeIDE\plugins\com.st.stm32cube.common.mx_6.0.0.202007160824\\db\/plugins/mcufinder/images/boards/nucleo_l552ze_q_small.jpg
2022-02-22 14:58:09,979 [ERROR] DbBoards:189 - Image file not found for board NUCLEO-U575ZI-Q: E:\STM32CubeIDE_1.4.0\STM32CubeIDE\plugins\com.st.stm32cube.common.mx_6.0.0.202007160824\\db\/plugins/mcufinder/images/boards/nucleo-u575zi-q_small.jpg
2022-02-22 14:58:09,979 [ERROR] DbBoards:189 - Image file not found for board NUCLEO-WB15CC: E:\STM32CubeIDE_1.4.0\STM32CubeIDE\plugins\com.st.stm32cube.common.mx_6.0.0.202007160824\\db\/plugins/mcufinder/images/boards/nucleo-wb15cc_small.jpg
2022-02-22 14:58:09,980 [ERROR] DbBoards:189 - Image file not found for board NUCLEO-WB55RG: E:\STM32CubeIDE_1.4.0\STM32CubeIDE\plugins\com.st.stm32cube.common.mx_6.0.0.202007160824\\db\/plugins/mcufinder/images/boards/nucleo-wb55rg_small.jpg
2022-02-22 14:58:09,981 [ERROR] DbBoards:189 - Image file not found for board NUCLEO-WL55JC: E:\STM32CubeIDE_1.4.0\STM32CubeIDE\plugins\com.st.stm32cube.common.mx_6.0.0.202007160824\\db\/plugins/mcufinder/images/boards/nucleo-wl55jc-small.jpg
2022-02-22 14:58:11,027 [ERROR] DbBoards:189 - Image file not found for board STEVAL-STWINKT1B: E:\STM32CubeIDE_1.4.0\STM32CubeIDE\plugins\com.st.stm32cube.common.mx_6.0.0.202007160824\\db\/plugins/mcufinder/images/boards/steval-stwinkt1b_small.jpg
2022-02-22 14:58:13,175 [ERROR] DbBoards:189 - Image file not found for board STM32G0C1E-EV: E:\STM32CubeIDE_1.4.0\STM32CubeIDE\plugins\com.st.stm32cube.common.mx_6.0.0.202007160824\\db\/plugins/mcufinder/images/boards/stm32g0c1e-eval_small.jpg
2022-02-22 14:58:13,731 [ERROR] DbBoards:189 - Image file not found for board STM32H7B3I-EVAL: E:\STM32CubeIDE_1.4.0\STM32CubeIDE\plugins\com.st.stm32cube.common.mx_6.0.0.202007160824\\db\/plugins/mcufinder/images/boards/stm32h7b3ieval_small.jpg
2022-02-22 14:58:14,754 [ERROR] DbBoards:189 - Image file not found for board STM32U575I-EV: E:\STM32CubeIDE_1.4.0\STM32CubeIDE\plugins\com.st.stm32cube.common.mx_6.0.0.202007160824\\db\/plugins/mcufinder/images/boards/stm32u575i-ev_small.jpg
2022-02-22 14:58:14,935 [ERROR] DbBoards:189 - Image file not found for board STM32WB5MM-DK: E:\STM32CubeIDE_1.4.0\STM32CubeIDE\plugins\com.st.stm32cube.common.mx_6.0.0.202007160824\\db\/plugins/mcufinder/images/boards/STM32WB5MM-DK_small.jpg
2022-02-22 14:58:14,936 [INFO] ApiDb:201 - Load user favorites file C:\Users\reham/.stm32cubemx/favorites.boards.txt: 0 item(s)
2022-02-22 14:58:14,937 [INFO] ApiDb:205 - User favorites Boards=[]
2022-02-22 14:58:14,937 [INFO] DbBoards:206 - Set 0 / 0 favorites Boards
2022-02-22 14:58:14,946 [INFO] DbBoardsDocs:81 - Found 418 boards documents
2022-02-22 14:58:14,948 [INFO] ApiDb:226 - Save user favorites file C:\Users\reham/.stm32cubemx/favorites.boards.txt: 0 item(s)
2022-02-22 14:58:14,949 [INFO] ApiDb:230 - User favorites Boards=[]
2022-02-22 14:58:14,957 [INFO] DbBoardsPdsc:94 - Found 23 items
2022-02-22 14:58:14,968 [INFO] DbBoardsPdsc:94 - Found 9 items
2022-02-22 14:58:14,985 [INFO] DbBoardsPdsc:94 - Found 29 items
2022-02-22 14:58:14,990 [INFO] DbBoardsPdsc:94 - Found 1 items
2022-02-22 14:58:15,008 [INFO] DbBoardsPdsc:94 - Found 44 items
2022-02-22 14:58:15,023 [INFO] DbBoardsPdsc:94 - Found 40 items
2022-02-22 14:58:15,038 [INFO] DbBoardsPdsc:94 - Found 2 items
2022-02-22 14:58:15,044 [INFO] DbBoardsPdsc:94 - Found 4 items
2022-02-22 14:58:15,060 [WARN] DbBoardsPdsc:258 - Board STM32H7B3I-DK: unknown feature type=Audio, name=, username=Audio stereo codec with Headphone Amp (CS42L51-CNZ), n=1
2022-02-22 14:58:15,063 [WARN] DbBoardsPdsc:258 - Board STM32H735G-DK: unknown feature type=Audio, name=, username=Audio stereo codec with Headphone Amp (WM8994ECS/R), n=1
2022-02-22 14:58:15,072 [WARN] DbBoardsPdsc:258 - Board STM32H7B3I-EVAL: unknown feature type=Audio, name=, username=Multi-Channel Audio Codec (CS42L51-CNZ), n=1
2022-02-22 14:58:15,072 [WARN] DbBoardsPdsc:258 - Board STM32H7B3I-EVAL: unknown feature type=Meter, name=, username=Power-metering and Temperature-monitoring with sigma-delta modulators, n=1
2022-02-22 14:58:15,072 [WARN] DbBoardsPdsc:258 - Board STM32H7B3I-EVAL: unknown feature type=Motor, name=, username=Motor Control, n=1
2022-02-22 14:58:15,141 [INFO] DbBoardsJson:85 - JSON generation date=Tue Nov 16 18:17:54 EET 2021 (1637079474)
2022-02-22 14:58:15,157 [INFO] DbBoards:117 - Found 166 boards (149 are supported by CubeMX)
2022-02-22 14:58:15,200 [WARN] DbBoards:127 - board B-L475E-IOT01A2 has no document id list !
2022-02-22 14:58:15,201 [WARN] DbBoards:127 - board NUCLEO-H743ZI has no document id list !
2022-02-22 14:58:15,202 [WARN] DbBoards:127 - board P-NUCLEO-WB55-Nucleo has no document id list !
2022-02-22 14:58:15,203 [WARN] DbBoards:127 - board P-NUCLEO-WB55-USBDongle has no document id list !
2022-02-22 14:58:15,203 [WARN] DbBoards:127 - board STEVAL-BFA001V1B has no document id list !
2022-02-22 14:58:15,203 [WARN] DbBoards:127 - board STEVAL-BFA001V2B has no document id list !
2022-02-22 14:58:15,205 [WARN] DbBoards:127 - board STEVAL-IDP005V1 has no document id list !
2022-02-22 14:58:15,205 [WARN] DbBoards:127 - board STEVAL-IDP005V2 has no document id list !
2022-02-22 14:58:15,214 [WARN] DbBoards:127 - board STEVAL-MKSBOX1V1 has no document id list !
2022-02-22 14:58:15,215 [WARN] DbBoards:127 - board STEVAL-STWINKT1 has no document id list !
2022-02-22 14:58:15,215 [WARN] DbBoards:127 - board STEVAL-STWINKT1B has no document id list !
2022-02-22 14:58:15,215 [WARN] DbBoards:127 - board STM32439I-EVAL2 has no document id list !
2022-02-22 14:58:15,216 [WARN] DbBoards:127 - board STM32F401C-DISCO has no document id list !
2022-02-22 14:58:15,217 [WARN] DbBoards:127 - board STM32F769I-DISC1 has no document id list !
2022-02-22 14:58:15,218 [WARN] DbBoards:127 - board STM32G474E-EVAL1 has no document id list !
2022-02-22 14:58:15,218 [WARN] DbBoards:127 - board STM32H743I-EVAL2 has no document id list !
2022-02-22 14:58:15,219 [WARN] DbBoards:127 - board STM32H747I-DISC1 has no document id list !
2022-02-22 14:58:15,219 [WARN] DbBoards:127 - board STM32H753I-EVAL2 has no document id list !
2022-02-22 14:58:15,219 [WARN] DbBoards:127 - board STM32L-DISCOVERY has no document id list !
2022-02-22 14:58:15,674 [ERROR] DbBoards:189 - Image file not found for board B-L462E-CELL1: E:\STM32CubeIDE_1.4.0\STM32CubeIDE\plugins\com.st.stm32cube.common.mx_6.0.0.202007160824\\db\/plugins/mcufinder/images/boards/B-L462E-CELL1_small.jpg
2022-02-22 14:58:15,786 [ERROR] DbBoards:189 - Image file not found for board B-U585I-IOT02A: E:\STM32CubeIDE_1.4.0\STM32CubeIDE\plugins\com.st.stm32cube.common.mx_6.0.0.202007160824\\db\/plugins/mcufinder/images/boards/B-U585I-IOT02A_small.jpg
2022-02-22 14:58:16,365 [ERROR] DbBoards:189 - Image file not found for board NUCLEO-F413ZH: E:\STM32CubeIDE_1.4.0\STM32CubeIDE\plugins\com.st.stm32cube.common.mx_6.0.0.202007160824\\db\/plugins/mcufinder/images/boards/nucleo-f413zh_small.jpg
2022-02-22 14:58:17,230 [ERROR] DbBoards:189 - Image file not found for board NUCLEO-L552ZE-Q: E:\STM32CubeIDE_1.4.0\STM32CubeIDE\plugins\com.st.stm32cube.common.mx_6.0.0.202007160824\\db\/plugins/mcufinder/images/boards/nucleo_l552ze_q_small.jpg
2022-02-22 14:58:17,230 [ERROR] DbBoards:189 - Image file not found for board NUCLEO-U575ZI-Q: E:\STM32CubeIDE_1.4.0\STM32CubeIDE\plugins\com.st.stm32cube.common.mx_6.0.0.202007160824\\db\/plugins/mcufinder/images/boards/nucleo-u575zi-q_small.jpg
2022-02-22 14:58:17,231 [ERROR] DbBoards:189 - Image file not found for board NUCLEO-WB15CC: E:\STM32CubeIDE_1.4.0\STM32CubeIDE\plugins\com.st.stm32cube.common.mx_6.0.0.202007160824\\db\/plugins/mcufinder/images/boards/nucleo-wb15cc_small.jpg
2022-02-22 14:58:17,231 [ERROR] DbBoards:189 - Image file not found for board NUCLEO-WB55RG: E:\STM32CubeIDE_1.4.0\STM32CubeIDE\plugins\com.st.stm32cube.common.mx_6.0.0.202007160824\\db\/plugins/mcufinder/images/boards/nucleo-wb55rg_small.jpg
2022-02-22 14:58:17,231 [ERROR] DbBoards:189 - Image file not found for board NUCLEO-WL55JC: E:\STM32CubeIDE_1.4.0\STM32CubeIDE\plugins\com.st.stm32cube.common.mx_6.0.0.202007160824\\db\/plugins/mcufinder/images/boards/nucleo-wl55jc-small.jpg
2022-02-22 14:58:17,657 [ERROR] DbBoards:189 - Image file not found for board STEVAL-STWINKT1B: E:\STM32CubeIDE_1.4.0\STM32CubeIDE\plugins\com.st.stm32cube.common.mx_6.0.0.202007160824\\db\/plugins/mcufinder/images/boards/steval-stwinkt1b_small.jpg
2022-02-22 14:58:18,532 [ERROR] DbBoards:189 - Image file not found for board STM32G0C1E-EV: E:\STM32CubeIDE_1.4.0\STM32CubeIDE\plugins\com.st.stm32cube.common.mx_6.0.0.202007160824\\db\/plugins/mcufinder/images/boards/stm32g0c1e-eval_small.jpg
2022-02-22 14:58:18,889 [ERROR] DbBoards:189 - Image file not found for board STM32H7B3I-EVAL: E:\STM32CubeIDE_1.4.0\STM32CubeIDE\plugins\com.st.stm32cube.common.mx_6.0.0.202007160824\\db\/plugins/mcufinder/images/boards/stm32h7b3ieval_small.jpg
2022-02-22 14:58:19,342 [ERROR] DbBoards:189 - Image file not found for board STM32U575I-EV: E:\STM32CubeIDE_1.4.0\STM32CubeIDE\plugins\com.st.stm32cube.common.mx_6.0.0.202007160824\\db\/plugins/mcufinder/images/boards/stm32u575i-ev_small.jpg
2022-02-22 14:58:19,394 [ERROR] DbBoards:189 - Image file not found for board STM32WB5MM-DK: E:\STM32CubeIDE_1.4.0\STM32CubeIDE\plugins\com.st.stm32cube.common.mx_6.0.0.202007160824\\db\/plugins/mcufinder/images/boards/STM32WB5MM-DK_small.jpg
2022-02-22 14:58:19,395 [INFO] ApiDb:201 - Load user favorites file C:\Users\reham/.stm32cubemx/favorites.boards.txt: 0 item(s)
2022-02-22 14:58:19,396 [INFO] ApiDb:205 - User favorites Boards=[]
2022-02-22 14:58:19,396 [INFO] DbBoards:206 - Set 0 / 0 favorites Boards
2022-02-22 14:58:26,858 [INFO] DbExamplesSqlite:156 - SQLite db open (C:\Users\reham\.stmcufinder\plugins\mcufinder\mcu\cube-finder-db.db)
2022-02-22 14:58:30,588 [INFO] DbExamplesSqlite:447 - Ignored 0 examples not supported by CubeIDE
2022-02-22 14:58:30,589 [INFO] DbExamplesSqlite:448 - Found 6085 examples active
2022-02-22 14:58:30,589 [INFO] DbExamplesSqlite:449 - Found 0 examples obsolete
2022-02-22 14:58:30,590 [INFO] DbExamplesSqlite:450 - Found 0 examples under development
2022-02-22 14:58:30,590 [INFO] DbExamplesSqlite:451 - Found 94 examples not building
2022-02-22 14:58:30,873 [INFO] DbExamplesSqlite:130 - SQLite Data Model version=2.1
2022-02-22 14:58:30,873 [INFO] DbExamplesSqlite:131 - SQLite Configuration version=3.0.22
2022-02-22 14:58:31,114 [INFO] DbExamplesSqlite:132 - SQLite generation date=2022-01-05 (1641391108)
2022-02-22 14:58:31,114 [INFO] DbExamplesSqlite:133 - SQLite FW Pack versions=[STM32Cube_FW_F4_V1.26.2, STM32Cube_FW_F7_V1.16.2, STM32Cube_FW_G0_V1.5.0, STM32Cube_FW_G4_V1.5.0, STM32Cube_FW_H7_V1.9.1, STM32Cube_FW_L5_V1.4.0, STM32Cube_FW_U5_V1.0.2, STM32Cube_FW_WB_V1.13.1, STM32Cube_FW_WL_V1.1.0, X-CUBE-ALS_V1.0.1, X-CUBE-AZRTOS-F4_V1.0.0, X-CUBE-AZRTOS-F7_V1.0.0, X-CUBE-AZRTOS-G0_V1.0.0, X-CUBE-AZRTOS-G4_V1.0.0, X-CUBE-AZRTOS-H7_V2.0.0, X-CUBE-AZRTOS-L4_V1.0.0, X-CUBE-AZRTOS-L5_V1.0.0, X-CUBE-BLE1_V6.2.1, X-CUBE-BLE2_V3.2.2, X-CUBE-EEPRMA1_V3.1.0, X-CUBE-GNSS1_V5.2.0, X-CUBE-MEMS1_V9.1.0, X-CUBE-NFC4_V2.0.3, X-CUBE-SFXS2LP1_V3.1.0, X-CUBE-SUBG2_V4.2.0]
2022-02-22 14:58:31,117 [INFO] DbExamples:123 - Found 6179 examples
2022-02-22 14:58:38,242 [ERROR] DbExamples:199 - Found 6179 examples with invalid data (board or MCU)
2022-02-22 14:58:38,242 [INFO] DbExamples:215 - Found 72 boards with related examples
2022-02-22 14:58:38,244 [INFO] DbExamples:228 - Found 0 MCUs with related examples
2022-02-22 14:58:38,308 [INFO] ApiDb:192 - User favorites file not found: C:\Users\reham/.stm32cubemx/favorites.examples.txt
2022-02-22 14:58:38,308 [INFO] DbExamples:249 - Set 0 / 0 favorites Examples
2022-02-22 14:58:39,759 [INFO] McuFinderGlobals:40 - Set McuFinder mode to 2 (CubeIDE integrated)
2022-02-22 14:58:41,298 [INFO] CrossSelectorPresenter:1330 - Cross Selector saved comparison directory: C:\Users\reham\.stmcufinder\plugins\mcufinder\mcu\cs_comparisons_mx
2022-02-22 14:58:41,409 [INFO] MultiScanPanel:193 - Auto-refresh data requested => check proxy status ongoing
2022-02-22 14:58:41,417 [INFO] FinderPluginLoader:87 - Searching for filters in installed packs
2022-02-22 14:58:44,353 [INFO] LoadUrlFilesThread:162 - End of LoadServerUrlFiles without Thread
2022-02-22 14:58:44,405 [INFO] DetailPanel:331 - Set advertising image to C:/Users/reham/STM32Cube/Repository/\stm32cubemx-promo_image.jpg
2022-02-22 14:58:47,072 [INFO] McuFilterPanel:245 - Update 0 favorites MCUs
2022-02-22 15:02:13,452 [INFO] LogOutputStream:76 - [STDOUT_REDIRECT] withoutVersionV1.8.4
2022-02-22 15:02:13,454 [INFO] LogOutputStream:76 - [STDOUT_REDIRECT] withoutVersionV1.8.3
2022-02-22 15:02:13,455 [INFO] LogOutputStream:76 - [STDOUT_REDIRECT] withoutVersionV1.8.2
2022-02-22 15:02:13,457 [INFO] LogOutputStream:76 - [STDOUT_REDIRECT] withoutVersionV1.8.1
2022-02-22 15:02:13,459 [INFO] LogOutputStream:76 - [STDOUT_REDIRECT] withoutVersionV1.8.0
2022-02-22 15:02:44,807 [INFO] ApiDb:226 - Save user favorites file C:\Users\reham/.stm32cubeide/favorites.mcus.txt: 0 item(s)
2022-02-22 15:02:44,809 [INFO] ApiDb:230 - User favorites MCUs=[]
2022-02-22 16:18:22,921 [INFO] MainUpdater:2268 - connection check result : 10
2022-02-22 16:18:23,140 [INFO] McuFinderGlobals:40 - Set McuFinder mode to 2 (CubeIDE integrated)
2022-02-22 16:18:23,359 [INFO] CrossSelectorPresenter:1330 - Cross Selector saved comparison directory: C:\Users\reham\.stmcufinder\plugins\mcufinder\mcu\cs_comparisons_mx
2022-02-22 16:18:23,359 [INFO] MultiScanPanel:193 - Auto-refresh data requested => check proxy status ongoing
2022-02-22 16:18:23,359 [INFO] FinderPluginLoader:87 - Searching for filters in installed packs
2022-02-22 16:18:24,155 [INFO] LoadUrlFilesThread:162 - End of LoadServerUrlFiles without Thread
2022-02-22 16:18:24,155 [INFO] DetailPanel:331 - Set advertising image to C:/Users/reham/STM32Cube/Repository/\stm32cubemx-promo_image.jpg
2022-02-22 16:18:25,062 [INFO] McuFilterPanel:245 - Update 0 favorites MCUs
2022-02-22 16:19:29,674 [INFO] LogOutputStream:76 - [STDOUT_REDIRECT] withoutVersionV1.8.4
2022-02-22 16:19:29,674 [INFO] LogOutputStream:76 - [STDOUT_REDIRECT] withoutVersionV1.8.3
2022-02-22 16:19:29,690 [INFO] LogOutputStream:76 - [STDOUT_REDIRECT] withoutVersionV1.8.2
2022-02-22 16:19:29,690 [INFO] LogOutputStream:76 - [STDOUT_REDIRECT] withoutVersionV1.8.1
2022-02-22 16:19:29,690 [INFO] LogOutputStream:76 - [STDOUT_REDIRECT] withoutVersionV1.8.0
2022-02-22 16:19:45,800 [INFO] ApiDb:226 - Save user favorites file C:\Users\reham/.stm32cubeide/favorites.mcus.txt: 0 item(s)
2022-02-22 16:19:45,800 [INFO] ApiDb:230 - User favorites MCUs=[]
2022-02-22 16:22:23,401 [INFO] MainUpdater:2268 - connection check result : 10
2022-02-22 16:22:23,588 [INFO] McuFinderGlobals:40 - Set McuFinder mode to 2 (CubeIDE integrated)
2022-02-22 16:22:23,651 [INFO] CrossSelectorPresenter:1330 - Cross Selector saved comparison directory: C:\Users\reham\.stmcufinder\plugins\mcufinder\mcu\cs_comparisons_mx
2022-02-22 16:22:23,651 [INFO] MultiScanPanel:193 - Auto-refresh data requested => check proxy status ongoing
2022-02-22 16:22:23,651 [INFO] FinderPluginLoader:87 - Searching for filters in installed packs
2022-02-22 16:22:24,713 [INFO] LoadUrlFilesThread:162 - End of LoadServerUrlFiles without Thread
2022-02-22 16:22:24,713 [INFO] DetailPanel:331 - Set advertising image to C:/Users/reham/STM32Cube/Repository/\stm32cubemx-promo_image.jpg
2022-02-22 16:22:25,354 [INFO] McuFilterPanel:245 - Update 0 favorites MCUs
2022-02-22 16:23:18,584 [INFO] LogOutputStream:76 - [STDOUT_REDIRECT] withoutVersionV1.8.4
2022-02-22 16:23:18,584 [INFO] LogOutputStream:76 - [STDOUT_REDIRECT] withoutVersionV1.8.3
2022-02-22 16:23:18,584 [INFO] LogOutputStream:76 - [STDOUT_REDIRECT] withoutVersionV1.8.2
2022-02-22 16:23:18,600 [INFO] LogOutputStream:76 - [STDOUT_REDIRECT] withoutVersionV1.8.1
2022-02-22 16:23:18,600 [INFO] LogOutputStream:76 - [STDOUT_REDIRECT] withoutVersionV1.8.0
2022-02-22 16:23:23,006 [INFO] ApiDb:226 - Save user favorites file C:\Users\reham/.stm32cubeide/favorites.mcus.txt: 0 item(s)
2022-02-22 16:23:23,006 [INFO] ApiDb:230 - User favorites MCUs=[]
